<?xml version="1.0" encoding="UTF-8"?>
<robot generator="Robot 7.1 (Python 3.11.9 on win32)" generated="2024-09-25T00:18:53.566443" rpa="false" schemaversion="5">
<suite id="s1" name="Asgmt18" source="C:\Users\ASUS\Desktop\doppio_assignments\special_asgmt\asgmt18\asgmt18.robot">
<kw name="Log" owner="BuiltIn" type="SETUP">
<msg time="2024-09-25T00:18:53.594995" level="INFO">Suite is starting</msg>
<arg>Suite is starting</arg>
<arg>console=True</arg>
<doc>Logs the given message with the given level.</doc>
<status status="PASS" start="2024-09-25T00:18:53.594995" elapsed="0.007005"/>
</kw>
<test id="s1-t1" name="TC-001 Running Test 1" line="8">
<kw name="Log" owner="BuiltIn">
<msg time="2024-09-25T00:18:53.602991" level="INFO">Running Test 1</msg>
<arg>Running Test 1</arg>
<arg>console=True</arg>
<doc>Logs the given message with the given level.</doc>
<status status="PASS" start="2024-09-25T00:18:53.602991" elapsed="0.000000"/>
</kw>
<status status="PASS" start="2024-09-25T00:18:53.602000" elapsed="0.000991"/>
</test>
<test id="s1-t2" name="TC-002 Running Test 2" line="10">
<kw name="Log" owner="BuiltIn">
<msg time="2024-09-25T00:18:53.603987" level="INFO">Running Test 2</msg>
<arg>Running Test 2</arg>
<arg>console=True</arg>
<doc>Logs the given message with the given level.</doc>
<status status="PASS" start="2024-09-25T00:18:53.603987" elapsed="0.000000"/>
</kw>
<status status="PASS" start="2024-09-25T00:18:53.603987" elapsed="0.000000"/>
</test>
<kw name="Log" owner="BuiltIn" type="TEARDOWN">
<msg time="2024-09-25T00:18:53.604984" level="INFO">Suite is ending</msg>
<arg>Suite is ending</arg>
<arg>console=True</arg>
<doc>Logs the given message with the given level.</doc>
<status status="PASS" start="2024-09-25T00:18:53.604984" elapsed="0.000000"/>
</kw>
<status status="PASS" start="2024-09-25T00:18:53.567444" elapsed="0.037540"/>
</suite>
<statistics>
<total>
<stat pass="2" fail="0" skip="0">All Tests</stat>
</total>
<tag>
</tag>
<suite>
<stat pass="2" fail="0" skip="0" id="s1" name="Asgmt18">Asgmt18</stat>
</suite>
</statistics>
<errors>
</errors>
</robot>
