<?xml version="1.0" encoding="UTF-8"?>
<robot generator="Robot 7.1 (Python 3.11.9 on darwin)" generated="2024-10-07T16:14:41.338769" rpa="false" schemaversion="5">
<suite id="s1" name="Test" source="/Users/vittavas.t/Desktop/Automation-Training-Assignments/robot_api_automation/test.robot">
<test id="s1-t1" name="TC-001 Verify when input wrong username or password, API should return error" line="5">
<kw name="Create Session" owner="RequestsLibrary">
<msg time="2024-10-07T16:14:41.383551" level="INFO">Creating Session using : alias=loginSession, url=http://localhost:8082, headers={},                     cookies={}, auth=None, timeout=None, proxies=None, verify=False,                     debug=0 </msg>
<arg>loginSession</arg>
<arg>http://localhost:8082</arg>
<doc>Create Session: create a HTTP session to a server</doc>
<status status="PASS" start="2024-10-07T16:14:41.383490" elapsed="0.000128"/>
</kw>
<kw name="Create Dictionary" owner="BuiltIn">
<msg time="2024-10-07T16:14:41.383820" level="INFO">&amp;{request_body} = { username=doppio | password=1234 }</msg>
<var>&amp;{request_body}</var>
<arg>username=doppio</arg>
<arg>password=1234</arg>
<doc>Creates and returns a dictionary based on the given ``items``.</doc>
<status status="PASS" start="2024-10-07T16:14:41.383707" elapsed="0.000123"/>
</kw>
<kw name="POST On Session" owner="RequestsLibrary">
<msg time="2024-10-07T16:14:41.392275" level="INFO">POST Request : url=http://localhost:8082/login 
 path_url=/login 
 headers={'User-Agent': 'python-requests/2.32.3', 'Accept-Encoding': 'gzip, deflate', 'Accept': '*/*', 'Connection': 'keep-alive', 'Content-Length': '42', 'Content-Type': 'application/json'} 
 body=b'{"username": "doppio", "password": "1234"}' 
 </msg>
<msg time="2024-10-07T16:14:41.392323" level="INFO">POST Response : url=http://localhost:8082/login 
 status=401, reason= 
 headers={'Content-Type': 'application/json', 'Transfer-Encoding': 'chunked', 'Date': 'Mon, 07 Oct 2024 09:14:41 GMT', 'Keep-Alive': 'timeout=60', 'Connection': 'keep-alive'} 
 body={"status":"error","message":"invalid username or password"} 
 </msg>
<msg time="2024-10-07T16:14:41.392379" level="INFO">${resp} = &lt;Response [401]&gt;</msg>
<var>${resp}</var>
<arg>loginSession</arg>
<arg>/login</arg>
<arg>json=&amp;{request_body}</arg>
<arg>expected_status=401</arg>
<doc>Sends a POST request on a previously created HTTP Session.</doc>
<status status="PASS" start="2024-10-07T16:14:41.383902" elapsed="0.008487"/>
</kw>
<kw name="Should Be Equal" owner="BuiltIn">
<arg>${resp.json()['status']}</arg>
<arg>error</arg>
<doc>Fails if the given objects are unequal.</doc>
<status status="PASS" start="2024-10-07T16:14:41.392485" elapsed="0.000260"/>
</kw>
<kw name="Should Be Equal" owner="BuiltIn">
<arg>${resp.json()['message']}</arg>
<arg>invalid username or password</arg>
<doc>Fails if the given objects are unequal.</doc>
<status status="PASS" start="2024-10-07T16:14:41.392820" elapsed="0.000161"/>
</kw>
<status status="PASS" start="2024-10-07T16:14:41.383166" elapsed="0.009880"/>
</test>
<test id="s1-t2" name="TC-002 Verify that can get asset list from get API correctly" line="16">
<kw name="Create Session" owner="RequestsLibrary">
<msg time="2024-10-07T16:14:41.393327" level="INFO">Creating Session using : alias=assetSession, url=http://localhost:8082, headers={},                     cookies={}, auth=None, timeout=None, proxies=None, verify=False,                     debug=0 </msg>
<arg>assetSession</arg>
<arg>http://localhost:8082</arg>
<doc>Create Session: create a HTTP session to a server</doc>
<status status="PASS" start="2024-10-07T16:14:41.393278" elapsed="0.000111"/>
</kw>
<kw name="Create Dictionary" owner="BuiltIn">
<msg time="2024-10-07T16:14:41.393532" level="INFO">&amp;{request_body} = { username=doppio | password=weBuildBestQa }</msg>
<var>&amp;{request_body}</var>
<arg>username=doppio</arg>
<arg>password=weBuildBestQa</arg>
<doc>Creates and returns a dictionary based on the given ``items``.</doc>
<status status="PASS" start="2024-10-07T16:14:41.393454" elapsed="0.000086"/>
</kw>
<kw name="POST On Session" owner="RequestsLibrary">
<msg time="2024-10-07T16:14:41.399537" level="INFO">POST Request : url=http://localhost:8082/login 
 path_url=/login 
 headers={'User-Agent': 'python-requests/2.32.3', 'Accept-Encoding': 'gzip, deflate', 'Accept': '*/*', 'Connection': 'keep-alive', 'Content-Length': '51', 'Content-Type': 'application/json'} 
 body=b'{"username": "doppio", "password": "weBuildBestQa"}' 
 </msg>
<msg time="2024-10-07T16:14:41.399581" level="INFO">POST Response : url=http://localhost:8082/login 
 status=200, reason= 
 headers={'Content-Type': 'application/json', 'Transfer-Encoding': 'chunked', 'Date': 'Mon, 07 Oct 2024 09:14:41 GMT', 'Keep-Alive': 'timeout=60', 'Connection': 'keep-alive'} 
 body={"status":"success","message":"xpaXAZ_LyGbP1u-ORioKcb45pqXlLtO0"} 
 </msg>
<msg time="2024-10-07T16:14:41.399660" level="INFO">${resp} = &lt;Response [200]&gt;</msg>
<var>${resp}</var>
<arg>assetSession</arg>
<arg>/login</arg>
<arg>json=&amp;{request_body}</arg>
<arg>expected_status=200</arg>
<doc>Sends a POST request on a previously created HTTP Session.</doc>
<status status="PASS" start="2024-10-07T16:14:41.393613" elapsed="0.006062"/>
</kw>
<kw name="Set Variable" owner="BuiltIn">
<msg time="2024-10-07T16:14:41.400010" level="INFO">${token} = xpaXAZ_LyGbP1u-ORioKcb45pqXlLtO0</msg>
<var>${token}</var>
<arg>${resp.json()['message']}</arg>
<doc>Returns the given values which can then be assigned to a variables.</doc>
<status status="PASS" start="2024-10-07T16:14:41.399775" elapsed="0.000248"/>
</kw>
<kw name="Create Dictionary" owner="BuiltIn">
<msg time="2024-10-07T16:14:41.400182" level="INFO">${headers} = {'token': 'xpaXAZ_LyGbP1u-ORioKcb45pqXlLtO0'}</msg>
<var>${headers}</var>
<arg>token=${token}</arg>
<doc>Creates and returns a dictionary based on the given ``items``.</doc>
<status status="PASS" start="2024-10-07T16:14:41.400094" elapsed="0.000096"/>
</kw>
<kw name="GET On Session" owner="RequestsLibrary">
<msg time="2024-10-07T16:14:41.406047" level="INFO">GET Request : url=http://localhost:8082/assets 
 path_url=/assets 
 headers={'User-Agent': 'python-requests/2.32.3', 'Accept-Encoding': 'gzip, deflate', 'Accept': '*/*', 'Connection': 'keep-alive', 'token': 'xpaXAZ_LyGbP1u-ORioKcb45pqXlLtO0'} 
 body=None 
 </msg>
<msg time="2024-10-07T16:14:41.406075" level="INFO">GET Response : url=http://localhost:8082/assets 
 status=200, reason= 
 headers={'Content-Type': 'application/json', 'Transfer-Encoding': 'chunked', 'Date': 'Mon, 07 Oct 2024 09:14:41 GMT', 'Keep-Alive': 'timeout=60', 'Connection': 'keep-alive'} 
 body=[{"assetId":"a001","assetName":"Macbook Pro","assetType":1,"inUse":true},{"assetId":"a002","assetName":"Lenovo B112","assetType":2,"inUse":true},{"assetId":"a003","assetName":"Apple Iphone 11","assetType":3,"inUse":true},{"assetId":"a004","assetName":"Macbook Air","assetType":1,"inUse":true},{"assetId":"a005","assetName":"Xiaomi Mi6","assetType":4,"inUse":true}] 
 </msg>
<msg time="2024-10-07T16:14:41.406119" level="INFO">${get_resp} = &lt;Response [200]&gt;</msg>
<var>${get_resp}</var>
<arg>assetSession</arg>
<arg>/assets</arg>
<arg>headers=${headers}</arg>
<doc>Sends a GET request on a previously created HTTP Session.</doc>
<status status="PASS" start="2024-10-07T16:14:41.400241" elapsed="0.005887"/>
</kw>
<kw name="Log To Console" owner="BuiltIn">
<arg>${get_resp.text}</arg>
<doc>Logs the given message to the console.</doc>
<status status="PASS" start="2024-10-07T16:14:41.406209" elapsed="0.000229"/>
</kw>
<status status="PASS" start="2024-10-07T16:14:41.393141" elapsed="0.013354"/>
</test>
<status status="PASS" start="2024-10-07T16:14:41.340135" elapsed="0.066511"/>
</suite>
<statistics>
<total>
<stat pass="2" fail="0" skip="0">All Tests</stat>
</total>
<tag>
</tag>
<suite>
<stat pass="2" fail="0" skip="0" id="s1" name="Test">Test</stat>
</suite>
</statistics>
<errors>
</errors>
</robot>
