<?xml version="1.0" encoding="UTF-8"?>
<robot generator="Robot 7.1 (Python 3.11.9 on darwin)" generated="2024-10-03T14:57:05.076322" rpa="false" schemaversion="5">
<suite id="s1" name="Appium Asgmt" source="/Users/vittavas.t/Desktop/Automation-Training-Assignments/robot_mobile_automation/testcases/appium_asgmt.robot">
<kw name="Open Demo Application" owner="common" type="SETUP">
<kw name="Open Application" owner="AppiumLibrary">
<arg>remote_url=${remote_url}</arg>
<arg>automationName=${automation_name}</arg>
<arg>deviceName=${device_name}</arg>
<arg>platformVersion=${platform_version}</arg>
<arg>platformName=${platform_name}</arg>
<arg>appPackage=${app_package}</arg>
<arg>appActivity=${app_activity}</arg>
<arg>app=${app}</arg>
<doc>Opens a new application to given Appium server.
Capabilities of appium server, Android and iOS,
Please check https://appium.io/docs/en/2.1/cli/args/
| *Option*            | *Man.* | *Description*     |
| remote_url          | Yes    | Appium server url |
| alias               | no     | alias             |
| strict_ssl          | No     | allows you to send commands to an invalid certificate host like a self-signed one. |</doc>
<status status="PASS" start="2024-10-03T14:57:05.153671" elapsed="2.671665"/>
</kw>
<status status="PASS" start="2024-10-03T14:57:05.153493" elapsed="2.672281"/>
</kw>
<test id="s1-t1" name="TC001 Verify Cart Contain Correct Order Name And Amount" line="8">
<kw name="Click Product Image" owner="catalog_page">
<kw name="Replace String" owner="String">
<msg time="2024-10-03T14:57:07.829440" level="INFO">${catalog_locator.image_product} = xpath=//XCUIElementTypeImage[@name="Product Image"][following-sibling::XCUIElementTypeStaticText[@value="Sauce Labs Backpack"]]</msg>
<var>${catalog_locator.image_product}</var>
<arg>${catalog_locator.image_product}</arg>
<arg>{{product_name}}</arg>
<arg>${product_name}</arg>
<doc>Replaces ``search_for`` in the given ``string`` with ``replace_with``.</doc>
<status status="PASS" start="2024-10-03T14:57:07.828439" elapsed="0.001044"/>
</kw>
<kw name="Wait Until Page Contains Element" owner="AppiumLibrary">
<msg time="2024-10-03T14:57:08.258439" level="INFO">xpath criteria: //XCUIElementTypeImage[@name="Product Image"][following-sibling::XCUIElementTypeStaticText[@value="Sauce Labs Backpack"]]</msg>
<arg>${catalog_locator.image_product}</arg>
<doc>Waits until element specified with `locator` appears on current page.</doc>
<status status="PASS" start="2024-10-03T14:57:07.829667" elapsed="0.428822"/>
</kw>
<kw name="Click Element" owner="AppiumLibrary">
<msg time="2024-10-03T14:57:08.259240" level="INFO">Clicking element 'xpath=//XCUIElementTypeImage[@name="Product Image"][following-sibling::XCUIElementTypeStaticText[@value="Sauce Labs Backpack"]]'.</msg>
<msg time="2024-10-03T14:57:09.330808" level="INFO">xpath criteria: //XCUIElementTypeImage[@name="Product Image"][following-sibling::XCUIElementTypeStaticText[@value="Sauce Labs Backpack"]]</msg>
<arg>${catalog_locator.image_product}</arg>
<doc>Click element identified by `locator`.</doc>
<status status="PASS" start="2024-10-03T14:57:08.258599" elapsed="1.072406"/>
</kw>
<arg>${product_details.product_name}</arg>
<status status="PASS" start="2024-10-03T14:57:07.827163" elapsed="1.504265"/>
</kw>
<kw name="Click Add To Cart Button" owner="product_details_page">
<kw name="Wait Until Page Contains Element" owner="AppiumLibrary">
<arg>${product_details_locator.btn_add_cart}</arg>
<doc>Waits until element specified with `locator` appears on current page.</doc>
<status status="PASS" start="2024-10-03T14:57:09.333784" elapsed="0.094835"/>
</kw>
<kw name="Click Element" owner="AppiumLibrary">
<msg time="2024-10-03T14:57:09.430338" level="INFO">Clicking element 'accessibility_id=AddToCart'.</msg>
<arg>${product_details_locator.btn_add_cart}</arg>
<doc>Click element identified by `locator`.</doc>
<status status="PASS" start="2024-10-03T14:57:09.428864" elapsed="0.432618"/>
</kw>
<status status="PASS" start="2024-10-03T14:57:09.332291" elapsed="0.529463"/>
</kw>
<kw name="Click Cart Icon" owner="common">
<kw name="Click Element" owner="AppiumLibrary">
<msg time="2024-10-03T14:57:09.864439" level="INFO">Clicking element 'accessibility_id=Cart-tab-item'.</msg>
<arg>${common_locator.icon_cart}</arg>
<doc>Click element identified by `locator`.</doc>
<status status="PASS" start="2024-10-03T14:57:09.862925" elapsed="0.772072"/>
</kw>
<status status="PASS" start="2024-10-03T14:57:09.862421" elapsed="0.772771"/>
</kw>
<kw name="Compare Cart Details To Ordered Product Details" owner="cart_details_feature">
<kw name="Get Order Amount Text" owner="cart_details_page">
<kw name="Replace String" owner="String">
<msg time="2024-10-03T14:57:10.638597" level="INFO">${cart_details_locator.txt_order_amount} = xpath=//XCUIElementTypeStaticText[@name='{{product_amount}}'][preceding-sibling::XCUIElementTypeStaticText[@name="Sauce Labs Backpack"]]</msg>
<var>${cart_details_locator.txt_order_amount}</var>
<arg>${cart_details_locator.txt_order_amount}</arg>
<arg>{{product_name}}</arg>
<arg>${product_name}</arg>
<doc>Replaces ``search_for`` in the given ``string`` with ``replace_with``.</doc>
<status status="PASS" start="2024-10-03T14:57:10.637497" elapsed="0.001169"/>
</kw>
<kw name="Convert To String" owner="BuiltIn">
<msg time="2024-10-03T14:57:10.639403" level="INFO">${str_product_amount} = 1</msg>
<var>${str_product_amount}</var>
<arg>${product_amount}</arg>
<doc>Converts the given item to a Unicode string.</doc>
<status status="PASS" start="2024-10-03T14:57:10.639143" elapsed="0.000285"/>
</kw>
<kw name="Replace String" owner="String">
<msg time="2024-10-03T14:57:10.640331" level="INFO">${cart_details_locator.txt_order_amount} = xpath=//XCUIElementTypeStaticText[@name='1'][preceding-sibling::XCUIElementTypeStaticText[@name="Sauce Labs Backpack"]]</msg>
<var>${cart_details_locator.txt_order_amount}</var>
<arg>${cart_details_locator.txt_order_amount}</arg>
<arg>{{product_amount}}</arg>
<arg>${str_product_amount}</arg>
<doc>Replaces ``search_for`` in the given ``string`` with ``replace_with``.</doc>
<status status="PASS" start="2024-10-03T14:57:10.639548" elapsed="0.000810"/>
</kw>
<kw name="Wait Until Page Contains Element" owner="AppiumLibrary">
<msg time="2024-10-03T14:57:10.868587" level="INFO">xpath criteria: //XCUIElementTypeStaticText[@name='1'][preceding-sibling::XCUIElementTypeStaticText[@name="Sauce Labs Backpack"]]</msg>
<arg>${cart_details_locator.txt_order_amount}</arg>
<doc>Waits until element specified with `locator` appears on current page.</doc>
<status status="PASS" start="2024-10-03T14:57:10.640484" elapsed="0.228159"/>
</kw>
<kw name="Get Text" owner="AppiumLibrary">
<msg time="2024-10-03T14:57:11.088027" level="INFO">Element 'xpath=//XCUIElementTypeStaticText[@name='1'][preceding-sibling::XCUIElementTypeStaticText[@name="Sauce Labs Backpack"]]' text is '1' </msg>
<msg time="2024-10-03T14:57:11.088069" level="INFO">xpath criteria: //XCUIElementTypeStaticText[@name='1'][preceding-sibling::XCUIElementTypeStaticText[@name="Sauce Labs Backpack"]]</msg>
<msg time="2024-10-03T14:57:11.088106" level="INFO">${order_amount} = 1</msg>
<var>${order_amount}</var>
<arg>${cart_details_locator.txt_order_amount}</arg>
<doc>Get element text (for hybrid and mobile browser use `xpath` locator, others might cause problem)</doc>
<status status="PASS" start="2024-10-03T14:57:10.868748" elapsed="0.219368"/>
</kw>
<kw name="Return From Keyword" owner="BuiltIn">
<msg time="2024-10-03T14:57:11.088269" level="INFO">Returning from the enclosing user keyword.</msg>
<arg>${order_amount}</arg>
<doc>Returns from the enclosing user keyword.</doc>
<status status="PASS" start="2024-10-03T14:57:11.088219" elapsed="0.000084"/>
</kw>
<msg time="2024-10-03T14:57:11.088359" level="INFO">${order_amount} = 1</msg>
<var>${order_amount}</var>
<arg>${product_name}</arg>
<arg>${product_amount}</arg>
<status status="PASS" start="2024-10-03T14:57:10.637028" elapsed="0.451339"/>
</kw>
<kw name="Should Be Equal" owner="BuiltIn">
<arg>${${order_amount}}</arg>
<arg>${${product_amount}}</arg>
<doc>Fails if the given objects are unequal.</doc>
<status status="PASS" start="2024-10-03T14:57:11.088418" elapsed="0.000295"/>
</kw>
<arg>${product_details.product_name}</arg>
<arg>${product_details.product_amount}</arg>
<status status="PASS" start="2024-10-03T14:57:10.635543" elapsed="0.453233"/>
</kw>
<status status="PASS" start="2024-10-03T14:57:07.825975" elapsed="3.262872"/>
</test>
<kw name="Close Application" owner="AppiumLibrary" type="TEARDOWN">
<doc>Closes the current application and also close webdriver session.</doc>
<status status="PASS" start="2024-10-03T14:57:11.089083" elapsed="1.064657"/>
</kw>
<status status="PASS" start="2024-10-03T14:57:05.076825" elapsed="7.077074"/>
</suite>
<statistics>
<total>
<stat pass="1" fail="0" skip="0">All Tests</stat>
</total>
<tag>
</tag>
<suite>
<stat pass="1" fail="0" skip="0" id="s1" name="Appium Asgmt">Appium Asgmt</stat>
</suite>
</statistics>
<errors>
</errors>
</robot>
