<?xml version="1.0" encoding="UTF-8"?>
<robot generator="Robot 7.1 (Python 3.11.9 on darwin)" generated="2024-10-09T10:48:53.709249" rpa="false" schemaversion="5">
<suite id="s1" name="Appium Asgmt" source="/Users/vittavas.t/Desktop/Automation-Training-Assignments/robot_mobile_automation/testcases/appium_asgmt.robot">
<kw name="Open demo application" owner="common" type="SETUP">
<kw name="Open Application" owner="AppiumLibrary">
<arg>remote_url=${remote_url}</arg>
<arg>automationName=${automation_name}</arg>
<arg>deviceName=${device_name}</arg>
<arg>platformVersion=${platform_version}</arg>
<arg>platformName=${platform_name}</arg>
<arg>appPackage=${app_package}</arg>
<arg>appActivity=${app_activity}</arg>
<arg>app=${app}</arg>
<doc>Opens a new application to given Appium server.
Capabilities of appium server, Android and iOS,
Please check https://appium.io/docs/en/2.1/cli/args/
| *Option*            | *Man.* | *Description*     |
| remote_url          | Yes    | Appium server url |
| alias               | no     | alias             |
| strict_ssl          | No     | allows you to send commands to an invalid certificate host like a self-signed one. |</doc>
<status status="PASS" start="2024-10-09T10:48:53.788343" elapsed="2.455561"/>
</kw>
<status status="PASS" start="2024-10-09T10:48:53.788167" elapsed="2.456038"/>
</kw>
<test id="s1-t1" name="TC001 Verify cart contain correct order name and amount" line="8">
<kw name="Click product image" owner="catalog_page">
<kw name="Replace String" owner="String">
<msg time="2024-10-09T10:48:56.246730" level="INFO">${catalog_locator.image_product} = xpath=//XCUIElementTypeImage[@name="Product Image"][following-sibling::XCUIElementTypeStaticText[@value="Sauce Labs Backpack"]]</msg>
<var>${catalog_locator.image_product}</var>
<arg>${catalog_locator.image_product}</arg>
<arg>{{product_name}}</arg>
<arg>${product_name}</arg>
<doc>Replaces ``search_for`` in the given ``string`` with ``replace_with``.</doc>
<status status="PASS" start="2024-10-09T10:48:56.245995" elapsed="0.000770"/>
</kw>
<kw name="Wait Until Page Contains Element" owner="AppiumLibrary">
<msg time="2024-10-09T10:48:56.690188" level="INFO">xpath criteria: //XCUIElementTypeImage[@name="Product Image"][following-sibling::XCUIElementTypeStaticText[@value="Sauce Labs Backpack"]]</msg>
<arg>${catalog_locator.image_product}</arg>
<doc>Waits until element specified with `locator` appears on current page.</doc>
<status status="PASS" start="2024-10-09T10:48:56.246899" elapsed="0.443339"/>
</kw>
<kw name="Click Element" owner="AppiumLibrary">
<msg time="2024-10-09T10:48:56.690998" level="INFO">Clicking element 'xpath=//XCUIElementTypeImage[@name="Product Image"][following-sibling::XCUIElementTypeStaticText[@value="Sauce Labs Backpack"]]'.</msg>
<msg time="2024-10-09T10:48:57.721890" level="INFO">xpath criteria: //XCUIElementTypeImage[@name="Product Image"][following-sibling::XCUIElementTypeStaticText[@value="Sauce Labs Backpack"]]</msg>
<arg>${catalog_locator.image_product}</arg>
<doc>Click element identified by `locator`.</doc>
<status status="PASS" start="2024-10-09T10:48:56.690352" elapsed="1.031637"/>
</kw>
<arg>${product_details.product_name}</arg>
<status status="PASS" start="2024-10-09T10:48:56.245129" elapsed="1.476957"/>
</kw>
<kw name="Click add to cart button" owner="product_details_page">
<kw name="Wait Until Page Contains Element" owner="AppiumLibrary">
<arg>${product_details_locator.btn_add_cart}</arg>
<doc>Waits until element specified with `locator` appears on current page.</doc>
<status status="PASS" start="2024-10-09T10:48:57.722788" elapsed="0.064552"/>
</kw>
<kw name="Click Element" owner="AppiumLibrary">
<msg time="2024-10-09T10:48:57.789318" level="INFO">Clicking element 'accessibility_id=AddToCart'.</msg>
<arg>${product_details_locator.btn_add_cart}</arg>
<doc>Click element identified by `locator`.</doc>
<status status="PASS" start="2024-10-09T10:48:57.787599" elapsed="0.425936"/>
</kw>
<status status="PASS" start="2024-10-09T10:48:57.722406" elapsed="0.491442"/>
</kw>
<kw name="Click cart icon" owner="common">
<kw name="Click Element" owner="AppiumLibrary">
<msg time="2024-10-09T10:48:58.216833" level="INFO">Clicking element 'accessibility_id=Cart-tab-item'.</msg>
<arg>${common_locator.icon_cart}</arg>
<doc>Click element identified by `locator`.</doc>
<status status="PASS" start="2024-10-09T10:48:58.215008" elapsed="0.755817"/>
</kw>
<status status="PASS" start="2024-10-09T10:48:58.214452" elapsed="0.756511"/>
</kw>
<kw name="Compare cart details to ordered product details" owner="cart_details_feature">
<kw name="Get order amount text" owner="cart_details_page">
<kw name="Replace String" owner="String">
<msg time="2024-10-09T10:48:58.974093" level="INFO">${cart_details_locator.txt_order_amount} = xpath=//XCUIElementTypeStaticText[@name='{{product_amount}}'][preceding-sibling::XCUIElementTypeStaticText[@name="Sauce Labs Backpack"]]</msg>
<var>${cart_details_locator.txt_order_amount}</var>
<arg>${cart_details_locator.txt_order_amount}</arg>
<arg>{{product_name}}</arg>
<arg>${product_name}</arg>
<doc>Replaces ``search_for`` in the given ``string`` with ``replace_with``.</doc>
<status status="PASS" start="2024-10-09T10:48:58.973115" elapsed="0.001013"/>
</kw>
<kw name="Convert To String" owner="BuiltIn">
<msg time="2024-10-09T10:48:58.974767" level="INFO">${str_product_amount} = 1</msg>
<var>${str_product_amount}</var>
<arg>${product_amount}</arg>
<doc>Converts the given item to a Unicode string.</doc>
<status status="PASS" start="2024-10-09T10:48:58.974555" elapsed="0.000240"/>
</kw>
<kw name="Replace String" owner="String">
<msg time="2024-10-09T10:48:58.975877" level="INFO">${cart_details_locator.txt_order_amount} = xpath=//XCUIElementTypeStaticText[@name='1'][preceding-sibling::XCUIElementTypeStaticText[@name="Sauce Labs Backpack"]]</msg>
<var>${cart_details_locator.txt_order_amount}</var>
<arg>${cart_details_locator.txt_order_amount}</arg>
<arg>{{product_amount}}</arg>
<arg>${str_product_amount}</arg>
<doc>Replaces ``search_for`` in the given ``string`` with ``replace_with``.</doc>
<status status="PASS" start="2024-10-09T10:48:58.974937" elapsed="0.000968"/>
</kw>
<kw name="Wait Until Page Contains Element" owner="AppiumLibrary">
<msg time="2024-10-09T10:48:59.179210" level="INFO">xpath criteria: //XCUIElementTypeStaticText[@name='1'][preceding-sibling::XCUIElementTypeStaticText[@name="Sauce Labs Backpack"]]</msg>
<arg>${cart_details_locator.txt_order_amount}</arg>
<doc>Waits until element specified with `locator` appears on current page.</doc>
<status status="PASS" start="2024-10-09T10:48:58.976045" elapsed="0.203207"/>
</kw>
<kw name="Get Text" owner="AppiumLibrary">
<msg time="2024-10-09T10:48:59.505117" level="INFO">Element 'xpath=//XCUIElementTypeStaticText[@name='1'][preceding-sibling::XCUIElementTypeStaticText[@name="Sauce Labs Backpack"]]' text is '1' </msg>
<msg time="2024-10-09T10:48:59.505159" level="INFO">xpath criteria: //XCUIElementTypeStaticText[@name='1'][preceding-sibling::XCUIElementTypeStaticText[@name="Sauce Labs Backpack"]]</msg>
<msg time="2024-10-09T10:48:59.505194" level="INFO">${order_amount} = 1</msg>
<var>${order_amount}</var>
<arg>${cart_details_locator.txt_order_amount}</arg>
<doc>Get element text (for hybrid and mobile browser use `xpath` locator, others might cause problem)</doc>
<status status="PASS" start="2024-10-09T10:48:59.179343" elapsed="0.325860"/>
</kw>
<kw name="Return From Keyword" owner="BuiltIn">
<msg time="2024-10-09T10:48:59.505356" level="INFO">Returning from the enclosing user keyword.</msg>
<arg>${order_amount}</arg>
<doc>Returns from the enclosing user keyword.</doc>
<status status="PASS" start="2024-10-09T10:48:59.505306" elapsed="0.000087"/>
</kw>
<msg time="2024-10-09T10:48:59.505448" level="INFO">${order_amount} = 1</msg>
<var>${order_amount}</var>
<arg>${product_name}</arg>
<arg>${product_amount}</arg>
<status status="PASS" start="2024-10-09T10:48:58.972738" elapsed="0.532718"/>
</kw>
<kw name="Should Be Equal" owner="BuiltIn">
<arg>${${order_amount}}</arg>
<arg>${${product_amount}}</arg>
<doc>Fails if the given objects are unequal.</doc>
<status status="PASS" start="2024-10-09T10:48:59.505508" elapsed="0.000305"/>
</kw>
<arg>${product_details.product_name}</arg>
<arg>${product_details.product_amount}</arg>
<status status="PASS" start="2024-10-09T10:48:58.971332" elapsed="0.534549"/>
</kw>
<status status="PASS" start="2024-10-09T10:48:56.244354" elapsed="3.261596"/>
</test>
<kw name="Close Application" owner="AppiumLibrary" type="TEARDOWN">
<doc>Closes the current application and also close webdriver session.</doc>
<status status="PASS" start="2024-10-09T10:48:59.506184" elapsed="1.059237"/>
</kw>
<status status="PASS" start="2024-10-09T10:48:53.709734" elapsed="6.855847"/>
</suite>
<statistics>
<total>
<stat pass="1" fail="0" skip="0">All Tests</stat>
</total>
<tag>
</tag>
<suite>
<stat pass="1" fail="0" skip="0" id="s1" name="Appium Asgmt">Appium Asgmt</stat>
</suite>
</statistics>
<errors>
</errors>
</robot>
