<?xml version="1.0" encoding="UTF-8"?>
<robot generator="Robot 7.1 (Python 3.11.9 on win32)" generated="2024-09-25T23:05:52.185297" rpa="false" schemaversion="5">
<suite id="s1" name="Asgmt23 25" source="C:\Users\ASUS\Desktop\doppio_assignments\special_asgmt\asgmt23_25">
<suite id="s1-s1" name="Asgmt23" source="C:\Users\ASUS\Desktop\doppio_assignments\special_asgmt\asgmt23_25\asgmt23.robot">
<test id="s1-s1-t1" name="TC-001 Parallel Test 1" line="2">
<kw name="Log" owner="BuiltIn">
<msg time="2024-09-25T23:05:52.221174" level="INFO">Running Test 1</msg>
<arg>Running Test 1</arg>
<arg>console=True</arg>
<doc>Logs the given message with the given level.</doc>
<status status="PASS" start="2024-09-25T23:05:52.221174" elapsed="0.000000"/>
</kw>
<status status="PASS" start="2024-09-25T23:05:52.220178" elapsed="0.000996"/>
</test>
<status status="PASS" start="2024-09-25T23:05:52.218184" elapsed="0.003988"/>
</suite>
<status status="PASS" start="2024-09-25T23:05:52.202237" elapsed="0.019935"/>
</suite>
<statistics>
<total>
<stat pass="1" fail="0" skip="0">All Tests</stat>
</total>
<tag>
</tag>
<suite>
<stat pass="1" fail="0" skip="0" id="s1" name="Asgmt23 25">Asgmt23 25</stat>
<stat pass="1" fail="0" skip="0" id="s1-s1" name="Asgmt23">Asgmt23 25.Asgmt23</stat>
</suite>
</statistics>
<errors>
</errors>
</robot>
