<?xml version="1.0" encoding="UTF-8"?>
<robot generator="Robot 7.1 (Python 3.11.9 on win32)" generated="2024-09-25T00:14:41.645070" rpa="false" schemaversion="5">
<suite id="s1" name="Asgmt14" source="C:\Users\ASUS\Desktop\doppio_assignments\special_asgmt\asgmt14\asgmt14.robot">
<test id="s1-t1" name="TC-001 Loop Control Example" line="2">
<for flavor="IN RANGE">
<iter>
<kw name="Run Keyword If" owner="BuiltIn">
<arg>${number} == 5</arg>
<arg>Exit For Loop</arg>
<doc>Runs the given keyword with the given arguments, if ``condition`` is true.</doc>
<status status="PASS" start="2024-09-25T00:14:41.676964" elapsed="0.000000"/>
</kw>
<kw name="Run Keyword If" owner="BuiltIn">
<arg>${number} == 3</arg>
<arg>Continue For Loop</arg>
<doc>Runs the given keyword with the given arguments, if ``condition`` is true.</doc>
<status status="PASS" start="2024-09-25T00:14:41.676964" elapsed="0.000000"/>
</kw>
<kw name="Log" owner="BuiltIn">
<msg time="2024-09-25T00:14:41.677960" level="INFO">1</msg>
<arg>${number}</arg>
<arg>console=True</arg>
<doc>Logs the given message with the given level.</doc>
<status status="PASS" start="2024-09-25T00:14:41.676964" elapsed="0.000996"/>
</kw>
<var name="${number}">1</var>
<status status="PASS" start="2024-09-25T00:14:41.675965" elapsed="0.001995"/>
</iter>
<iter>
<kw name="Run Keyword If" owner="BuiltIn">
<arg>${number} == 5</arg>
<arg>Exit For Loop</arg>
<doc>Runs the given keyword with the given arguments, if ``condition`` is true.</doc>
<status status="PASS" start="2024-09-25T00:14:41.677960" elapsed="0.000000"/>
</kw>
<kw name="Run Keyword If" owner="BuiltIn">
<arg>${number} == 3</arg>
<arg>Continue For Loop</arg>
<doc>Runs the given keyword with the given arguments, if ``condition`` is true.</doc>
<status status="PASS" start="2024-09-25T00:14:41.677960" elapsed="0.000000"/>
</kw>
<kw name="Log" owner="BuiltIn">
<msg time="2024-09-25T00:14:41.678957" level="INFO">2</msg>
<arg>${number}</arg>
<arg>console=True</arg>
<doc>Logs the given message with the given level.</doc>
<status status="PASS" start="2024-09-25T00:14:41.677960" elapsed="0.000997"/>
</kw>
<var name="${number}">2</var>
<status status="PASS" start="2024-09-25T00:14:41.677960" elapsed="0.000997"/>
</iter>
<iter>
<kw name="Run Keyword If" owner="BuiltIn">
<arg>${number} == 5</arg>
<arg>Exit For Loop</arg>
<doc>Runs the given keyword with the given arguments, if ``condition`` is true.</doc>
<status status="PASS" start="2024-09-25T00:14:41.678957" elapsed="0.000000"/>
</kw>
<kw name="Run Keyword If" owner="BuiltIn">
<kw name="Continue For Loop" owner="BuiltIn">
<msg time="2024-09-25T00:14:41.678957" level="INFO">Continuing for loop from the next iteration.</msg>
<doc>Skips the current FOR loop iteration and continues from the next.</doc>
<status status="PASS" start="2024-09-25T00:14:41.678957" elapsed="0.000000"/>
</kw>
<arg>${number} == 3</arg>
<arg>Continue For Loop</arg>
<doc>Runs the given keyword with the given arguments, if ``condition`` is true.</doc>
<status status="PASS" start="2024-09-25T00:14:41.678957" elapsed="0.000000"/>
</kw>
<kw name="Log" owner="BuiltIn">
<arg>${number}</arg>
<arg>console=True</arg>
<doc>Logs the given message with the given level.</doc>
<status status="NOT RUN" start="2024-09-25T00:14:41.678957" elapsed="0.000000"/>
</kw>
<var name="${number}">3</var>
<status status="PASS" start="2024-09-25T00:14:41.678957" elapsed="0.000000"/>
</iter>
<iter>
<kw name="Run Keyword If" owner="BuiltIn">
<arg>${number} == 5</arg>
<arg>Exit For Loop</arg>
<doc>Runs the given keyword with the given arguments, if ``condition`` is true.</doc>
<status status="PASS" start="2024-09-25T00:14:41.679953" elapsed="0.000000"/>
</kw>
<kw name="Run Keyword If" owner="BuiltIn">
<arg>${number} == 3</arg>
<arg>Continue For Loop</arg>
<doc>Runs the given keyword with the given arguments, if ``condition`` is true.</doc>
<status status="PASS" start="2024-09-25T00:14:41.679953" elapsed="0.000000"/>
</kw>
<kw name="Log" owner="BuiltIn">
<msg time="2024-09-25T00:14:41.679953" level="INFO">4</msg>
<arg>${number}</arg>
<arg>console=True</arg>
<doc>Logs the given message with the given level.</doc>
<status status="PASS" start="2024-09-25T00:14:41.679953" elapsed="0.000000"/>
</kw>
<var name="${number}">4</var>
<status status="PASS" start="2024-09-25T00:14:41.679953" elapsed="0.000000"/>
</iter>
<iter>
<kw name="Run Keyword If" owner="BuiltIn">
<kw name="Exit For Loop" owner="BuiltIn">
<msg time="2024-09-25T00:14:41.679953" level="INFO">Exiting for loop altogether.</msg>
<doc>Stops executing the enclosing FOR loop.</doc>
<status status="PASS" start="2024-09-25T00:14:41.679953" elapsed="0.000997"/>
</kw>
<arg>${number} == 5</arg>
<arg>Exit For Loop</arg>
<doc>Runs the given keyword with the given arguments, if ``condition`` is true.</doc>
<status status="PASS" start="2024-09-25T00:14:41.679953" elapsed="0.000997"/>
</kw>
<kw name="Run Keyword If" owner="BuiltIn">
<arg>${number} == 3</arg>
<arg>Continue For Loop</arg>
<doc>Runs the given keyword with the given arguments, if ``condition`` is true.</doc>
<status status="NOT RUN" start="2024-09-25T00:14:41.680950" elapsed="0.000000"/>
</kw>
<kw name="Log" owner="BuiltIn">
<arg>${number}</arg>
<arg>console=True</arg>
<doc>Logs the given message with the given level.</doc>
<status status="NOT RUN" start="2024-09-25T00:14:41.680950" elapsed="0.000000"/>
</kw>
<var name="${number}">5</var>
<status status="PASS" start="2024-09-25T00:14:41.679953" elapsed="0.000997"/>
</iter>
<var>${number}</var>
<value>1</value>
<value>10</value>
<status status="PASS" start="2024-09-25T00:14:41.675965" elapsed="0.004985"/>
</for>
<status status="PASS" start="2024-09-25T00:14:41.675965" elapsed="0.004985"/>
</test>
<status status="PASS" start="2024-09-25T00:14:41.646067" elapsed="0.034883"/>
</suite>
<statistics>
<total>
<stat pass="1" fail="0" skip="0">All Tests</stat>
</total>
<tag>
</tag>
<suite>
<stat pass="1" fail="0" skip="0" id="s1" name="Asgmt14">Asgmt14</stat>
</suite>
</statistics>
<errors>
</errors>
</robot>
