<?xml version="1.0" encoding="UTF-8"?>
<robot generator="Robot 7.1 (Python 3.11.9 on win32)" generated="2024-09-26T13:52:02.812023" rpa="false" schemaversion="5">
<suite id="s1" name="Asgmt20 22" source="C:\Users\ASUS\Desktop\doppio_assignments\special_asgmt\asgmt20_22">
<suite id="s1-s1" name="Asgmt20" source="C:\Users\ASUS\Desktop\doppio_assignments\special_asgmt\asgmt20_22\asgmt20.robot">
<test id="s1-s1-t1" name="TC-002 Test with Tag 2" line="6">
<kw name="Log" owner="BuiltIn">
<msg time="2024-09-26T13:52:02.842923" level="INFO">This is a regression test</msg>
<arg>This is a regression test</arg>
<arg>console=True</arg>
<doc>Logs the given message with the given level.</doc>
<status status="PASS" start="2024-09-26T13:52:02.842923" elapsed="0.000000"/>
</kw>
<tag>regression</tag>
<status status="PASS" start="2024-09-26T13:52:02.842923" elapsed="0.000994"/>
</test>
<status status="PASS" start="2024-09-26T13:52:02.840927" elapsed="0.002990"/>
</suite>
<status status="PASS" start="2024-09-26T13:52:02.814017" elapsed="0.030897"/>
</suite>
<statistics>
<total>
<stat pass="1" fail="0" skip="0">All Tests</stat>
</total>
<tag>
<stat pass="1" fail="0" skip="0">regression</stat>
</tag>
<suite>
<stat pass="1" fail="0" skip="0" id="s1" name="Asgmt20 22">Asgmt20 22</stat>
<stat pass="1" fail="0" skip="0" id="s1-s1" name="Asgmt20">Asgmt20 22.Asgmt20</stat>
</suite>
</statistics>
<errors>
</errors>
</robot>
