<?xml version="1.0" encoding="UTF-8"?>
<robot generator="Robot 7.1 (Python 3.11.9 on win32)" generated="2024-09-24T23:59:07.777203" rpa="false" schemaversion="5">
<suite id="s1" name="Asgmt2" source="C:\Users\ASUS\Desktop\doppio_assignments\special_asgmt\asgmt2\asgmt2.robot">
<test id="s1-t1" name="TC-001 Test Keyword Print Fruits" line="9">
<kw name="Print Fruits">
<for flavor="IN">
<iter>
<kw name="Log" owner="BuiltIn">
<msg time="2024-09-24T23:59:07.817069" level="INFO">apple</msg>
<arg>${fruit}</arg>
<arg>console=True</arg>
<doc>Logs the given message with the given level.</doc>
<status status="PASS" start="2024-09-24T23:59:07.817069" elapsed="0.000992"/>
</kw>
<var name="${fruit}">apple</var>
<status status="PASS" start="2024-09-24T23:59:07.817069" elapsed="0.000992"/>
</iter>
<iter>
<kw name="Log" owner="BuiltIn">
<msg time="2024-09-24T23:59:07.818061" level="INFO">banana</msg>
<arg>${fruit}</arg>
<arg>console=True</arg>
<doc>Logs the given message with the given level.</doc>
<status status="PASS" start="2024-09-24T23:59:07.818061" elapsed="0.000000"/>
</kw>
<var name="${fruit}">banana</var>
<status status="PASS" start="2024-09-24T23:59:07.818061" elapsed="0.000000"/>
</iter>
<iter>
<kw name="Log" owner="BuiltIn">
<msg time="2024-09-24T23:59:07.818061" level="INFO">cherry</msg>
<arg>${fruit}</arg>
<arg>console=True</arg>
<doc>Logs the given message with the given level.</doc>
<status status="PASS" start="2024-09-24T23:59:07.818061" elapsed="0.000997"/>
</kw>
<var name="${fruit}">cherry</var>
<status status="PASS" start="2024-09-24T23:59:07.818061" elapsed="0.000997"/>
</iter>
<var>${fruit}</var>
<value>@{fruits}</value>
<status status="PASS" start="2024-09-24T23:59:07.817069" elapsed="0.001989"/>
</for>
<arg>apple</arg>
<arg>banana</arg>
<arg>cherry</arg>
<status status="PASS" start="2024-09-24T23:59:07.817069" elapsed="0.001989"/>
</kw>
<status status="PASS" start="2024-09-24T23:59:07.816070" elapsed="0.002988"/>
</test>
<status status="PASS" start="2024-09-24T23:59:07.778194" elapsed="0.041862"/>
</suite>
<statistics>
<total>
<stat pass="1" fail="0" skip="0">All Tests</stat>
</total>
<tag>
</tag>
<suite>
<stat pass="1" fail="0" skip="0" id="s1" name="Asgmt2">Asgmt2</stat>
</suite>
</statistics>
<errors>
</errors>
</robot>
