<?xml version="1.0" encoding="UTF-8"?>
<robot generator="Robot 7.1 (Python 3.11.9 on win32)" generated="2024-09-25T00:13:58.268477" rpa="false" schemaversion="5">
<suite id="s1" name="Asgmt13" source="C:\Users\ASUS\Desktop\doppio_assignments\special_asgmt\asgmt13\asgmt13.robot">
<test id="s1-t1" name="TC-001 Test Loop for Fruit List" line="2">
<kw name="Create List" owner="BuiltIn">
<msg time="2024-09-25T00:13:58.297511" level="INFO">@{fruits} = [ apple | banana | cherry ]</msg>
<var>@{fruits}</var>
<arg>apple</arg>
<arg>banana</arg>
<arg>cherry</arg>
<doc>Returns a list containing given items.</doc>
<status status="PASS" start="2024-09-25T00:13:58.297511" elapsed="0.000000"/>
</kw>
<for flavor="IN">
<iter>
<kw name="Log" owner="BuiltIn">
<msg time="2024-09-25T00:13:58.297511" level="INFO">apple</msg>
<arg>${fruit}</arg>
<arg>console=True</arg>
<doc>Logs the given message with the given level.</doc>
<status status="PASS" start="2024-09-25T00:13:58.297511" elapsed="0.000996"/>
</kw>
<var name="${fruit}">apple</var>
<status status="PASS" start="2024-09-25T00:13:58.297511" elapsed="0.000996"/>
</iter>
<iter>
<kw name="Log" owner="BuiltIn">
<msg time="2024-09-25T00:13:58.298507" level="INFO">banana</msg>
<arg>${fruit}</arg>
<arg>console=True</arg>
<doc>Logs the given message with the given level.</doc>
<status status="PASS" start="2024-09-25T00:13:58.298507" elapsed="0.000000"/>
</kw>
<var name="${fruit}">banana</var>
<status status="PASS" start="2024-09-25T00:13:58.298507" elapsed="0.000000"/>
</iter>
<iter>
<kw name="Log" owner="BuiltIn">
<msg time="2024-09-25T00:13:58.298507" level="INFO">cherry</msg>
<arg>${fruit}</arg>
<arg>console=True</arg>
<doc>Logs the given message with the given level.</doc>
<status status="PASS" start="2024-09-25T00:13:58.298507" elapsed="0.000000"/>
</kw>
<var name="${fruit}">cherry</var>
<status status="PASS" start="2024-09-25T00:13:58.298507" elapsed="0.000000"/>
</iter>
<var>${fruit}</var>
<value>@{fruits}</value>
<status status="PASS" start="2024-09-25T00:13:58.297511" elapsed="0.000996"/>
</for>
<status status="PASS" start="2024-09-25T00:13:58.296513" elapsed="0.002991"/>
</test>
<status status="PASS" start="2024-09-25T00:13:58.270475" elapsed="0.031835"/>
</suite>
<statistics>
<total>
<stat pass="1" fail="0" skip="0">All Tests</stat>
</total>
<tag>
</tag>
<suite>
<stat pass="1" fail="0" skip="0" id="s1" name="Asgmt13">Asgmt13</stat>
</suite>
</statistics>
<errors>
</errors>
</robot>
