<?xml version="1.0" encoding="UTF-8"?>
<robot generator="Robot 7.1 (Python 3.11.9 on win32)" generated="2024-09-28T16:05:59.639669" rpa="false" schemaversion="5">
<suite id="s1" name="Selenium Asgmt" source="C:\Users\ASUS\Desktop\doppio_assignments\robot_web_automation\testcases\selenium_asgmt.robot">
<test id="s1-t1" name="TC-001 Sign Up Account" line="8">
<kw name="Open Doppio Browser" owner="common" type="SETUP">
<kw name="Open Browser" owner="SeleniumLibrary">
<msg time="2024-09-28T16:05:59.872912" level="INFO">Opening browser 'gc' to base url 'https://training-platform.doppio-tech.com'.</msg>
<msg time="2024-09-28T16:06:00.176892" level="WARN">The chromedriver version (128.0.6613.137) detected in PATH at D:\chromedriver\chromedriver.exe might not be compatible with the detected chrome version (129.0.6668.60); currently, chromedriver 129.0.6668.70 is recommended for chrome 129.*, so it is advised to delete the driver in PATH and retry</msg>
<arg>${url}</arg>
<arg>browser=gc</arg>
<doc>Opens a new browser instance to the optional ``url``.</doc>
<status status="PASS" start="2024-09-28T16:05:59.872912" elapsed="1.966634"/>
</kw>
<status status="PASS" start="2024-09-28T16:05:59.871912" elapsed="1.967634"/>
</kw>
<kw name="Click User Icon" owner="common">
<kw name="Wait Until Page Does Not Contain Element" owner="SeleniumLibrary">
<arg>${common_locator.btn_ok}</arg>
<doc>Waits until the element ``locator`` disappears from the current page.</doc>
<status status="PASS" start="2024-09-28T16:06:01.840540" elapsed="0.010963"/>
</kw>
<kw name="Click Element" owner="SeleniumLibrary">
<msg time="2024-09-28T16:06:01.851503" level="INFO">Clicking element 'xpath=//div[@id='app']//span[@aria-label='user']'.</msg>
<arg>${common_locator.icon_user}</arg>
<doc>Click the element identified by ``locator``.</doc>
<status status="PASS" start="2024-09-28T16:06:01.851503" elapsed="0.079784"/>
</kw>
<status status="PASS" start="2024-09-28T16:06:01.839546" elapsed="0.091741"/>
</kw>
<kw name="Sign up" owner="login_feature">
<kw name="Click Sign Up Button At Login" owner="login_page">
<kw name="Click Element" owner="SeleniumLibrary">
<msg time="2024-09-28T16:06:01.934227" level="INFO">Clicking element 'xpath=//button[span[text()='Sign up']]'.</msg>
<arg>${login_locator.btn_signup}</arg>
<doc>Click the element identified by ``locator``.</doc>
<status status="PASS" start="2024-09-28T16:06:01.934227" elapsed="0.078737"/>
</kw>
<status status="PASS" start="2024-09-28T16:06:01.934227" elapsed="0.078737"/>
</kw>
<kw name="Input Sign Up Username" owner="login_page">
<kw name="Input Text" owner="SeleniumLibrary">
<msg time="2024-09-28T16:06:02.013960" level="INFO">Typing text 'vittavas.tan@gmail.com' into text field 'id=basic_username'.</msg>
<arg>${signup_locator.box_username}</arg>
<arg>${username}</arg>
<doc>Types the given ``text`` into the text field identified by ``locator``.</doc>
<status status="PASS" start="2024-09-28T16:06:02.013960" elapsed="0.130133"/>
</kw>
<arg>${username}</arg>
<status status="PASS" start="2024-09-28T16:06:02.012964" elapsed="0.132125"/>
</kw>
<kw name="Input Sign Up Password" owner="login_page">
<kw name="Input Text" owner="SeleniumLibrary">
<msg time="2024-09-28T16:06:02.145089" level="INFO">Typing text '@Password123' into text field 'id=basic_password'.</msg>
<arg>${signup_locator.box_password}</arg>
<arg>${password}</arg>
<doc>Types the given ``text`` into the text field identified by ``locator``.</doc>
<status status="PASS" start="2024-09-28T16:06:02.145089" elapsed="0.079735"/>
</kw>
<arg>${password}</arg>
<status status="PASS" start="2024-09-28T16:06:02.145089" elapsed="0.079735"/>
</kw>
<kw name="Input Sign Up Confirm Password" owner="login_page">
<kw name="Input Text" owner="SeleniumLibrary">
<msg time="2024-09-28T16:06:02.225820" level="INFO">Typing text '@Password123' into text field 'id=basic_confirmPassword'.</msg>
<arg>${signup_locator.box_confirm_password}</arg>
<arg>${confirm_password}</arg>
<doc>Types the given ``text`` into the text field identified by ``locator``.</doc>
<status status="PASS" start="2024-09-28T16:06:02.225820" elapsed="0.081827"/>
</kw>
<arg>${confirm_password}</arg>
<status status="PASS" start="2024-09-28T16:06:02.224824" elapsed="0.082823"/>
</kw>
<kw name="Click Sign Up Button" owner="login_page">
<kw name="Click Element" owner="SeleniumLibrary">
<msg time="2024-09-28T16:06:02.308648" level="INFO">Clicking element 'xpath=//button[span[text()='SIGNUP']]'.</msg>
<arg>${signup_locator.btn_signup}</arg>
<doc>Click the element identified by ``locator``.</doc>
<status status="PASS" start="2024-09-28T16:06:02.308648" elapsed="0.042852"/>
</kw>
<status status="PASS" start="2024-09-28T16:06:02.307647" elapsed="0.043853"/>
</kw>
<kw name="Click OK Button" owner="common">
<kw name="Wait Until Page Contains Element" owner="SeleniumLibrary">
<arg>${common_locator.btn_ok}</arg>
<doc>Waits until the element ``locator`` appears on the current page.</doc>
<status status="PASS" start="2024-09-28T16:06:02.352497" elapsed="0.417904"/>
</kw>
<kw name="Click Element" owner="SeleniumLibrary">
<msg time="2024-09-28T16:06:02.771399" level="INFO">Clicking element 'xpath=//button[span[text()='OK']]'.</msg>
<arg>${common_locator.btn_ok}</arg>
<doc>Click the element identified by ``locator``.</doc>
<status status="PASS" start="2024-09-28T16:06:02.771399" elapsed="0.035879"/>
</kw>
<kw name="Wait Until Page Does Not Contain Element" owner="SeleniumLibrary">
<arg>${common_locator.btn_ok}</arg>
<doc>Waits until the element ``locator`` disappears from the current page.</doc>
<status status="PASS" start="2024-09-28T16:06:02.808293" elapsed="0.213124"/>
</kw>
<status status="PASS" start="2024-09-28T16:06:02.351500" elapsed="0.669917"/>
</kw>
<arg>${user_account.username}</arg>
<arg>${user_account.password}</arg>
<arg>${user_account.password}</arg>
<status status="PASS" start="2024-09-28T16:06:01.932234" elapsed="1.089183"/>
</kw>
<kw name="Close Browser" owner="SeleniumLibrary" type="TEARDOWN">
<doc>Closes the current browser.</doc>
<status status="PASS" start="2024-09-28T16:06:03.021417" elapsed="2.106823"/>
</kw>
<status status="PASS" start="2024-09-28T16:05:59.870921" elapsed="5.257319"/>
</test>
<test id="s1-t2" name="TC-002 Test Purchase Product At Doppee Website" line="12">
<kw name="Open Doppio Browser" owner="common" type="SETUP">
<kw name="Open Browser" owner="SeleniumLibrary">
<msg time="2024-09-28T16:06:05.130233" level="INFO">Opening browser 'gc' to base url 'https://training-platform.doppio-tech.com'.</msg>
<msg time="2024-09-28T16:06:05.410910" level="WARN">The chromedriver version (128.0.6613.137) detected in PATH at D:\chromedriver\chromedriver.exe might not be compatible with the detected chrome version (129.0.6668.60); currently, chromedriver 129.0.6668.70 is recommended for chrome 129.*, so it is advised to delete the driver in PATH and retry</msg>
<arg>${url}</arg>
<arg>browser=gc</arg>
<doc>Opens a new browser instance to the optional ``url``.</doc>
<status status="PASS" start="2024-09-28T16:06:05.130233" elapsed="1.831141"/>
</kw>
<status status="PASS" start="2024-09-28T16:06:05.129233" elapsed="1.832141"/>
</kw>
<kw name="Click User Icon" owner="common">
<kw name="Wait Until Page Does Not Contain Element" owner="SeleniumLibrary">
<arg>${common_locator.btn_ok}</arg>
<doc>Waits until the element ``locator`` disappears from the current page.</doc>
<status status="PASS" start="2024-09-28T16:06:06.962370" elapsed="0.009967"/>
</kw>
<kw name="Click Element" owner="SeleniumLibrary">
<msg time="2024-09-28T16:06:06.972337" level="INFO">Clicking element 'xpath=//div[@id='app']//span[@aria-label='user']'.</msg>
<arg>${common_locator.icon_user}</arg>
<doc>Click the element identified by ``locator``.</doc>
<status status="PASS" start="2024-09-28T16:06:06.972337" elapsed="0.079427"/>
</kw>
<status status="PASS" start="2024-09-28T16:06:06.962370" elapsed="0.090393"/>
</kw>
<kw name="Login" owner="login_feature">
<kw name="Input Login Username" owner="login_page">
<kw name="Input Text" owner="SeleniumLibrary">
<msg time="2024-09-28T16:06:07.054752" level="INFO">Typing text 'vittavas.tan@gmail.com' into text field 'xpath=//div[@class='login']//input[@type='text']'.</msg>
<arg>${login_locator.box_username}</arg>
<arg>${username}</arg>
<doc>Types the given ``text`` into the text field identified by ``locator``.</doc>
<status status="PASS" start="2024-09-28T16:06:07.053755" elapsed="0.084717"/>
</kw>
<arg>${username}</arg>
<status status="PASS" start="2024-09-28T16:06:07.053755" elapsed="0.084717"/>
</kw>
<kw name="Input Login Password" owner="login_page">
<kw name="Input Text" owner="SeleniumLibrary">
<msg time="2024-09-28T16:06:07.139471" level="INFO">Typing text '@Password123' into text field 'xpath=//div[@class='login']//input[@type='password']'.</msg>
<arg>${login_locator.box_password}</arg>
<arg>${password}</arg>
<doc>Types the given ``text`` into the text field identified by ``locator``.</doc>
<status status="PASS" start="2024-09-28T16:06:07.139471" elapsed="0.075174"/>
</kw>
<arg>${password}</arg>
<status status="PASS" start="2024-09-28T16:06:07.138472" elapsed="0.077169"/>
</kw>
<kw name="Click Login Button" owner="login_page">
<kw name="Click Element" owner="SeleniumLibrary">
<msg time="2024-09-28T16:06:07.216639" level="INFO">Clicking element 'xpath=//button[span[text()='Login']]'.</msg>
<arg>${login_locator.btn_login}</arg>
<doc>Click the element identified by ``locator``.</doc>
<status status="PASS" start="2024-09-28T16:06:07.215641" elapsed="0.040897"/>
</kw>
<status status="PASS" start="2024-09-28T16:06:07.215641" elapsed="0.040897"/>
</kw>
<kw name="Click OK Button" owner="common">
<kw name="Wait Until Page Contains Element" owner="SeleniumLibrary">
<arg>${common_locator.btn_ok}</arg>
<doc>Waits until the element ``locator`` appears on the current page.</doc>
<status status="PASS" start="2024-09-28T16:06:07.257536" elapsed="0.211532"/>
</kw>
<kw name="Click Element" owner="SeleniumLibrary">
<msg time="2024-09-28T16:06:07.469068" level="INFO">Clicking element 'xpath=//button[span[text()='OK']]'.</msg>
<arg>${common_locator.btn_ok}</arg>
<doc>Click the element identified by ``locator``.</doc>
<status status="PASS" start="2024-09-28T16:06:07.469068" elapsed="0.054817"/>
</kw>
<kw name="Wait Until Page Does Not Contain Element" owner="SeleniumLibrary">
<arg>${common_locator.btn_ok}</arg>
<doc>Waits until the element ``locator`` disappears from the current page.</doc>
<status status="PASS" start="2024-09-28T16:06:07.523885" elapsed="0.213285"/>
</kw>
<status status="PASS" start="2024-09-28T16:06:07.257536" elapsed="0.479634"/>
</kw>
<arg>${user_account.username}</arg>
<arg>${user_account.password}</arg>
<status status="PASS" start="2024-09-28T16:06:07.052763" elapsed="0.684407"/>
</kw>
<kw name="Search Product" owner="search_feature">
<kw name="Input Product To Search Box" owner="home_page">
<kw name="Input Text" owner="SeleniumLibrary">
<msg time="2024-09-28T16:06:07.749128" level="INFO">Typing text 'Phone' into text field 'xpath=//input[@placeholder='input search text']'.</msg>
<arg>${home_locator.box_search}</arg>
<arg>${product_name}</arg>
<doc>Types the given ``text`` into the text field identified by ``locator``.</doc>
<status status="PASS" start="2024-09-28T16:06:07.738166" elapsed="0.057802"/>
</kw>
<arg>${product_type}</arg>
<status status="PASS" start="2024-09-28T16:06:07.738166" elapsed="0.057802"/>
</kw>
<kw name="Click Search Button" owner="home_page">
<kw name="Click Element" owner="SeleniumLibrary">
<msg time="2024-09-28T16:06:07.796964" level="INFO">Clicking element 'xpath=//div[@id='app']//span[@aria-label='search']'.</msg>
<arg>${home_locator.btn_search}</arg>
<doc>Click the element identified by ``locator``.</doc>
<status status="PASS" start="2024-09-28T16:06:07.795968" elapsed="0.029899"/>
</kw>
<status status="PASS" start="2024-09-28T16:06:07.795968" elapsed="0.029899"/>
</kw>
<arg>${search_product.product_type}</arg>
<status status="PASS" start="2024-09-28T16:06:07.737170" elapsed="0.088697"/>
</kw>
<kw name="Select Product" owner="search_feature">
<kw name="Click Product To Select" owner="search_result_page">
<kw name="Replace String" owner="String">
<msg time="2024-09-28T16:06:07.828859" level="INFO">${search_result_locator.item_product} = xpath=//div[div[div[div[text()='Aoppee phone']]]]</msg>
<var>${search_result_locator.item_product}</var>
<arg>${search_result_locator.item_product}</arg>
<arg>product_name</arg>
<arg>${product_name}</arg>
<doc>Replaces ``search_for`` in the given ``string`` with ``replace_with``.</doc>
<status status="PASS" start="2024-09-28T16:06:07.828859" elapsed="0.000996"/>
</kw>
<kw name="Wait Until Page Contains Element" owner="SeleniumLibrary">
<arg>${search_result_locator.item_product}</arg>
<doc>Waits until the element ``locator`` appears on the current page.</doc>
<status status="PASS" start="2024-09-28T16:06:07.829855" elapsed="0.214093"/>
</kw>
<kw name="Click Element" owner="SeleniumLibrary">
<msg time="2024-09-28T16:06:08.043948" level="INFO">Clicking element 'xpath=//div[div[div[div[text()='Aoppee phone']]]]'.</msg>
<arg>${search_result_locator.item_product}</arg>
<doc>Click the element identified by ``locator``.</doc>
<status status="PASS" start="2024-09-28T16:06:08.043948" elapsed="0.069766"/>
</kw>
<arg>${search_product.product_name}</arg>
<status status="PASS" start="2024-09-28T16:06:07.827862" elapsed="0.286849"/>
</kw>
<kw name="Click Add Cart Button" owner="search_result_page">
<kw name="Wait Until Page Contains Element" owner="SeleniumLibrary">
<arg>${search_result_locator.btn_add_cart}</arg>
<doc>Waits until the element ``locator`` appears on the current page.</doc>
<status status="PASS" start="2024-09-28T16:06:08.114711" elapsed="0.213381"/>
</kw>
<kw name="Click Element" owner="SeleniumLibrary">
<msg time="2024-09-28T16:06:08.329089" level="INFO">Clicking element 'xpath=//button[span[text()='Add to cart']]'.</msg>
<arg>${search_result_locator.btn_add_cart}</arg>
<doc>Click the element identified by ``locator``.</doc>
<status status="PASS" start="2024-09-28T16:06:08.328092" elapsed="0.031890"/>
</kw>
<kw name="Sleep" owner="BuiltIn">
<msg time="2024-09-28T16:06:09.360197" level="INFO">Slept 1 second.</msg>
<arg>1</arg>
<doc>Pauses the test executed for the given time.</doc>
<status status="PASS" start="2024-09-28T16:06:08.359982" elapsed="1.000215"/>
</kw>
<status status="PASS" start="2024-09-28T16:06:08.114711" elapsed="1.245486"/>
</kw>
<kw name="Click OK Button" owner="common">
<kw name="Wait Until Page Contains Element" owner="SeleniumLibrary">
<arg>${common_locator.btn_ok}</arg>
<doc>Waits until the element ``locator`` appears on the current page.</doc>
<status status="PASS" start="2024-09-28T16:06:09.360197" elapsed="0.005982"/>
</kw>
<kw name="Click Element" owner="SeleniumLibrary">
<msg time="2024-09-28T16:06:09.366179" level="INFO">Clicking element 'xpath=//button[span[text()='OK']]'.</msg>
<arg>${common_locator.btn_ok}</arg>
<doc>Click the element identified by ``locator``.</doc>
<status status="PASS" start="2024-09-28T16:06:09.366179" elapsed="0.027907"/>
</kw>
<kw name="Wait Until Page Does Not Contain Element" owner="SeleniumLibrary">
<arg>${common_locator.btn_ok}</arg>
<doc>Waits until the element ``locator`` disappears from the current page.</doc>
<status status="PASS" start="2024-09-28T16:06:09.394086" elapsed="0.211762"/>
</kw>
<status status="PASS" start="2024-09-28T16:06:09.360197" elapsed="0.246643"/>
</kw>
<arg>${search_product.product_name}</arg>
<status status="PASS" start="2024-09-28T16:06:07.826864" elapsed="1.779976"/>
</kw>
<kw name="Click Cart Icon" owner="common">
<kw name="Wait Until Page Does Not Contain Element" owner="SeleniumLibrary">
<arg>${common_locator.btn_ok}</arg>
<doc>Waits until the element ``locator`` disappears from the current page.</doc>
<status status="PASS" start="2024-09-28T16:06:09.606840" elapsed="0.004984"/>
</kw>
<kw name="Click Element" owner="SeleniumLibrary">
<msg time="2024-09-28T16:06:09.612824" level="INFO">Clicking element 'xpath=//div[@id='app']//span[@aria-label='shopping-cart']'.</msg>
<arg>${common_locator.icon_cart}</arg>
<doc>Click the element identified by ``locator``.</doc>
<status status="PASS" start="2024-09-28T16:06:09.612824" elapsed="0.064271"/>
</kw>
<kw name="Wait Until Page Contains Element" owner="SeleniumLibrary">
<arg>xpath=//div[@class='product-detail-item' and text()='${search_product.product_name}']</arg>
<doc>Waits until the element ``locator`` appears on the current page.</doc>
<status status="PASS" start="2024-09-28T16:06:09.677095" elapsed="0.219941"/>
</kw>
<status status="PASS" start="2024-09-28T16:06:09.606840" elapsed="0.291187"/>
</kw>
<kw name="Input Delivery Name" owner="delivery_page">
<kw name="Wait Until Page Contains Element" owner="SeleniumLibrary">
<arg>${delivery_locator.box_name}</arg>
<doc>Waits until the element ``locator`` appears on the current page.</doc>
<status status="PASS" start="2024-09-28T16:06:09.899024" elapsed="0.007974"/>
</kw>
<kw name="Input Text" owner="SeleniumLibrary">
<msg time="2024-09-28T16:06:09.906998" level="INFO">Typing text 'Yun' into text field 'id=form_item_name'.</msg>
<arg>${delivery_locator.box_name}</arg>
<arg>${name}</arg>
<doc>Types the given ``text`` into the text field identified by ``locator``.</doc>
<status status="PASS" start="2024-09-28T16:06:09.906998" elapsed="0.048836"/>
</kw>
<arg>${delivery_details.name}</arg>
<status status="PASS" start="2024-09-28T16:06:09.898027" elapsed="0.057807"/>
</kw>
<kw name="Input Delivery Surname" owner="delivery_page">
<kw name="Wait Until Page Contains Element" owner="SeleniumLibrary">
<arg>${delivery_locator.box_surname}</arg>
<doc>Waits until the element ``locator`` appears on the current page.</doc>
<status status="PASS" start="2024-09-28T16:06:09.956831" elapsed="0.009968"/>
</kw>
<kw name="Input Text" owner="SeleniumLibrary">
<msg time="2024-09-28T16:06:09.966799" level="INFO">Typing text 'Vittavas' into text field 'id=form_item_surName'.</msg>
<arg>${delivery_locator.box_surname}</arg>
<arg>${surname}</arg>
<doc>Types the given ``text`` into the text field identified by ``locator``.</doc>
<status status="PASS" start="2024-09-28T16:06:09.966799" elapsed="0.067773"/>
</kw>
<arg>${delivery_details.surname}</arg>
<status status="PASS" start="2024-09-28T16:06:09.956831" elapsed="0.077741"/>
</kw>
<kw name="Input Delivery Address" owner="delivery_page">
<kw name="Wait Until Page Contains Element" owner="SeleniumLibrary">
<arg>${delivery_locator.box_address}</arg>
<doc>Waits until the element ``locator`` appears on the current page.</doc>
<status status="PASS" start="2024-09-28T16:06:10.036572" elapsed="0.008962"/>
</kw>
<kw name="Input Text" owner="SeleniumLibrary">
<msg time="2024-09-28T16:06:10.046538" level="INFO">Typing text 'Bangkok' into text field 'id=form_item_address'.</msg>
<arg>${delivery_locator.box_address}</arg>
<arg>${address}</arg>
<doc>Types the given ``text`` into the text field identified by ``locator``.</doc>
<status status="PASS" start="2024-09-28T16:06:10.046538" elapsed="0.074642"/>
</kw>
<arg>${delivery_details.address}</arg>
<status status="PASS" start="2024-09-28T16:06:10.035569" elapsed="0.085611"/>
</kw>
<kw name="Input Delivery Phone Number" owner="delivery_page">
<kw name="Wait Until Page Contains Element" owner="SeleniumLibrary">
<arg>${delivery_locator.box_phone}</arg>
<doc>Waits until the element ``locator`` appears on the current page.</doc>
<status status="PASS" start="2024-09-28T16:06:10.123178" elapsed="0.009964"/>
</kw>
<kw name="Input Text" owner="SeleniumLibrary">
<msg time="2024-09-28T16:06:10.133142" level="INFO">Typing text '0811234567' into text field 'id=form_item_phone'.</msg>
<arg>${delivery_locator.box_phone}</arg>
<arg>${phone}</arg>
<doc>Types the given ``text`` into the text field identified by ``locator``.</doc>
<status status="PASS" start="2024-09-28T16:06:10.133142" elapsed="0.074751"/>
</kw>
<arg>${delivery_details.phone_number}</arg>
<status status="PASS" start="2024-09-28T16:06:10.122178" elapsed="0.085715"/>
</kw>
<kw name="Click Pay Button" owner="delivery_page">
<kw name="Click Element" owner="SeleniumLibrary">
<msg time="2024-09-28T16:06:10.208888" level="INFO">Clicking element 'xpath=//button[span[text()='PAY']]'.</msg>
<arg>${delivery_locator.btn_pay}</arg>
<doc>Click the element identified by ``locator``.</doc>
<status status="PASS" start="2024-09-28T16:06:10.208888" elapsed="0.061794"/>
</kw>
<status status="PASS" start="2024-09-28T16:06:10.208888" elapsed="0.061794"/>
</kw>
<kw name="Select Credit Card Method" owner="payment_feature">
<kw name="Click Credit Card Method To Select" owner="payment_page">
<kw name="Click Element" owner="SeleniumLibrary">
<msg time="2024-09-28T16:06:10.271679" level="INFO">Clicking element 'xpath=//input[@value='creditCard']'.</msg>
<arg>${payment_locator.btn_select_credit_card}</arg>
<doc>Click the element identified by ``locator``.</doc>
<status status="PASS" start="2024-09-28T16:06:10.271679" elapsed="0.030910"/>
</kw>
<status status="PASS" start="2024-09-28T16:06:10.271679" elapsed="0.030910"/>
</kw>
<kw name="Click Next Button" owner="payment_page">
<kw name="Click Element" owner="SeleniumLibrary">
<msg time="2024-09-28T16:06:10.302589" level="INFO">Clicking element 'xpath=//button[span[text()='Next']]'.</msg>
<arg>${payment_locator.btn_next}</arg>
<doc>Click the element identified by ``locator``.</doc>
<status status="PASS" start="2024-09-28T16:06:10.302589" elapsed="0.062589"/>
</kw>
<status status="PASS" start="2024-09-28T16:06:10.302589" elapsed="0.062589"/>
</kw>
<status status="PASS" start="2024-09-28T16:06:10.270682" elapsed="0.094496"/>
</kw>
<kw name="Input Credit Card Number" owner="payment_page">
<kw name="Input Text" owner="SeleniumLibrary">
<msg time="2024-09-28T16:06:10.367172" level="INFO">Typing text '4111111111111111' into text field 'id=basic_bin'.</msg>
<arg>${payment_locator.box_card_number}</arg>
<arg>${credit_card_number}</arg>
<doc>Types the given ``text`` into the text field identified by ``locator``.</doc>
<status status="PASS" start="2024-09-28T16:06:10.367172" elapsed="0.079733"/>
</kw>
<arg>${credit_card_details.card_number}</arg>
<status status="PASS" start="2024-09-28T16:06:10.366176" elapsed="0.080729"/>
</kw>
<kw name="Input Credit Card EXP" owner="payment_page">
<kw name="Input Text" owner="SeleniumLibrary">
<msg time="2024-09-28T16:06:10.448903" level="INFO">Typing text '05/2030' into text field 'id=basic_exp'.</msg>
<arg>${payment_locator.box_card_exp}</arg>
<arg>${exp}</arg>
<doc>Types the given ``text`` into the text field identified by ``locator``.</doc>
<status status="PASS" start="2024-09-28T16:06:10.448903" elapsed="0.061788"/>
</kw>
<arg>${credit_card_details.exp}</arg>
<status status="PASS" start="2024-09-28T16:06:10.447907" elapsed="0.062784"/>
</kw>
<kw name="Input Credit Card CVC" owner="payment_page">
<kw name="Input Text" owner="SeleniumLibrary">
<msg time="2024-09-28T16:06:10.512689" level="INFO">Typing text '586' into text field 'id=basic_cvc'.</msg>
<arg>${payment_locator.box_card_cvc}</arg>
<arg>${cvc}</arg>
<doc>Types the given ``text`` into the text field identified by ``locator``.</doc>
<status status="PASS" start="2024-09-28T16:06:10.512689" elapsed="0.053818"/>
</kw>
<arg>${credit_card_details.cvc}</arg>
<status status="PASS" start="2024-09-28T16:06:10.511688" elapsed="0.054819"/>
</kw>
<kw name="Input Credit Card Owner" owner="payment_page">
<kw name="Input Text" owner="SeleniumLibrary">
<msg time="2024-09-28T16:06:10.567502" level="INFO">Typing text 'Yun Vittavas' into text field 'id=basic_owner'.</msg>
<arg>${payment_locator.box_card_owner}</arg>
<arg>${owner}</arg>
<doc>Types the given ``text`` into the text field identified by ``locator``.</doc>
<status status="PASS" start="2024-09-28T16:06:10.567502" elapsed="0.076744"/>
</kw>
<arg>${credit_card_details.owner}</arg>
<status status="PASS" start="2024-09-28T16:06:10.566507" elapsed="0.077739"/>
</kw>
<kw name="Confirm Payment" owner="payment_feature">
<kw name="Click Confirm Button" owner="payment_page">
<kw name="Wait Until Page Contains Element" owner="SeleniumLibrary">
<arg>${payment_locator.btn_confirm}</arg>
<doc>Waits until the element ``locator`` appears on the current page.</doc>
<status status="PASS" start="2024-09-28T16:06:10.645242" elapsed="0.008975"/>
</kw>
<kw name="Click Element" owner="SeleniumLibrary">
<msg time="2024-09-28T16:06:10.655213" level="INFO">Clicking element 'xpath=//button[span[text()='Confirm Payment']]'.</msg>
<arg>${payment_locator.btn_confirm}</arg>
<doc>Click the element identified by ``locator``.</doc>
<status status="PASS" start="2024-09-28T16:06:10.654217" elapsed="0.038869"/>
</kw>
<status status="PASS" start="2024-09-28T16:06:10.644246" elapsed="0.048840"/>
</kw>
<kw name="Click OK Button" owner="common">
<kw name="Wait Until Page Contains Element" owner="SeleniumLibrary">
<arg>${common_locator.btn_ok}</arg>
<doc>Waits until the element ``locator`` appears on the current page.</doc>
<status status="PASS" start="2024-09-28T16:06:10.694078" elapsed="0.215350"/>
</kw>
<kw name="Click Element" owner="SeleniumLibrary">
<msg time="2024-09-28T16:06:10.909428" level="INFO">Clicking element 'xpath=//button[span[text()='OK']]'.</msg>
<arg>${common_locator.btn_ok}</arg>
<doc>Click the element identified by ``locator``.</doc>
<status status="PASS" start="2024-09-28T16:06:10.909428" elapsed="0.042774"/>
</kw>
<kw name="Wait Until Page Does Not Contain Element" owner="SeleniumLibrary">
<arg>${common_locator.btn_ok}</arg>
<doc>Waits until the element ``locator`` disappears from the current page.</doc>
<status status="PASS" start="2024-09-28T16:06:10.953196" elapsed="0.210232"/>
</kw>
<status status="PASS" start="2024-09-28T16:06:10.694078" elapsed="0.469350"/>
</kw>
<status status="PASS" start="2024-09-28T16:06:10.644246" elapsed="0.519182"/>
</kw>
<kw name="Verify If Order Is Already Preparing" owner="my_order_feature">
<kw name="Click User Icon" owner="common">
<kw name="Wait Until Page Does Not Contain Element" owner="SeleniumLibrary">
<arg>${common_locator.btn_ok}</arg>
<doc>Waits until the element ``locator`` disappears from the current page.</doc>
<status status="PASS" start="2024-09-28T16:06:11.164425" elapsed="0.005982"/>
</kw>
<kw name="Click Element" owner="SeleniumLibrary">
<msg time="2024-09-28T16:06:11.171401" level="INFO">Clicking element 'xpath=//div[@id='app']//span[@aria-label='user']'.</msg>
<arg>${common_locator.icon_user}</arg>
<doc>Click the element identified by ``locator``.</doc>
<status status="PASS" start="2024-09-28T16:06:11.171401" elapsed="0.036877"/>
</kw>
<status status="PASS" start="2024-09-28T16:06:11.164425" elapsed="0.043853"/>
</kw>
<kw name="Click Preparing Tab" owner="my_order_page">
<kw name="Wait Until Page Contains Element" owner="SeleniumLibrary">
<arg>${my_order_locator.tab_preparing}</arg>
<doc>Waits until the element ``locator`` appears on the current page.</doc>
<status status="PASS" start="2024-09-28T16:06:11.209283" elapsed="0.418542"/>
</kw>
<kw name="Click Element" owner="SeleniumLibrary">
<msg time="2024-09-28T16:06:11.628891" level="INFO">Clicking element 'xpath=//div[div[@id='rc-tabs-0-tab-wait for pick and pack']]'.</msg>
<arg>${my_order_locator.tab_preparing}</arg>
<doc>Click the element identified by ``locator``.</doc>
<status status="PASS" start="2024-09-28T16:06:11.627825" elapsed="0.034890"/>
</kw>
<status status="PASS" start="2024-09-28T16:06:11.208278" elapsed="0.454437"/>
</kw>
<kw name="Get Status Of Order If Preparing" owner="my_order_page">
<kw name="Wait Until Page Contains Element" owner="SeleniumLibrary">
<arg>${my_order.locator.status_preparing}</arg>
<doc>Waits until the element ``locator`` appears on the current page.</doc>
<status status="PASS" start="2024-09-28T16:06:11.662715" elapsed="0.009965"/>
</kw>
<kw name="Run Keyword And Return Status" owner="BuiltIn">
<kw name="Page Should Contain Element" owner="SeleniumLibrary">
<msg time="2024-09-28T16:06:11.678375" level="INFO">Current page contains element 'xpath=//td[text()='Preparing']/parent::tr[@class='ant-table-row ant-table-row-level-0']'.</msg>
<arg>${my_order.locator.status_preparing}</arg>
<doc>Verifies that element ``locator`` is found on the current page.</doc>
<status status="PASS" start="2024-09-28T16:06:11.673678" elapsed="0.005694"/>
</kw>
<msg time="2024-09-28T16:06:11.679372" level="INFO">${keyword_status} = True</msg>
<var>${keyword_status}</var>
<arg>Page Should Contain Element</arg>
<arg>${my_order.locator.status_preparing}</arg>
<doc>Runs the given keyword with given arguments and returns the status as a Boolean value.</doc>
<status status="PASS" start="2024-09-28T16:06:11.673678" elapsed="0.005694"/>
</kw>
<kw name="Return From Keyword" owner="BuiltIn">
<msg time="2024-09-28T16:06:11.679372" level="INFO">Returning from the enclosing user keyword.</msg>
<arg>${keyword_status}</arg>
<doc>Returns from the enclosing user keyword.</doc>
<status status="PASS" start="2024-09-28T16:06:11.679372" elapsed="0.000000"/>
</kw>
<msg time="2024-09-28T16:06:11.679372" level="INFO">${preparing_status} = True</msg>
<var>${preparing_status}</var>
<status status="PASS" start="2024-09-28T16:06:11.662715" elapsed="0.016657"/>
</kw>
<kw name="Should Be Equal" owner="BuiltIn">
<arg>${preparing_status}</arg>
<arg>${True}</arg>
<doc>Fails if the given objects are unequal.</doc>
<status status="PASS" start="2024-09-28T16:06:11.679372" elapsed="0.000000"/>
</kw>
<status status="PASS" start="2024-09-28T16:06:11.163428" elapsed="0.515944"/>
</kw>
<kw name="Close Browser" owner="SeleniumLibrary" type="TEARDOWN">
<doc>Closes the current browser.</doc>
<status status="PASS" start="2024-09-28T16:06:11.680368" elapsed="2.104640"/>
</kw>
<status status="PASS" start="2024-09-28T16:06:05.129233" elapsed="8.655775"/>
</test>
<status status="PASS" start="2024-09-28T16:05:59.641662" elapsed="14.144426"/>
</suite>
<statistics>
<total>
<stat pass="2" fail="0" skip="0">All Tests</stat>
</total>
<tag>
</tag>
<suite>
<stat pass="2" fail="0" skip="0" id="s1" name="Selenium Asgmt">Selenium Asgmt</stat>
</suite>
</statistics>
<errors>
<msg time="2024-09-28T16:06:00.176892" level="WARN">The chromedriver version (128.0.6613.137) detected in PATH at D:\chromedriver\chromedriver.exe might not be compatible with the detected chrome version (129.0.6668.60); currently, chromedriver 129.0.6668.70 is recommended for chrome 129.*, so it is advised to delete the driver in PATH and retry</msg>
<msg time="2024-09-28T16:06:05.410910" level="WARN">The chromedriver version (128.0.6613.137) detected in PATH at D:\chromedriver\chromedriver.exe might not be compatible with the detected chrome version (129.0.6668.60); currently, chromedriver 129.0.6668.70 is recommended for chrome 129.*, so it is advised to delete the driver in PATH and retry</msg>
</errors>
</robot>
