<?xml version="1.0" encoding="UTF-8"?>
<robot generator="Robot 7.1 (Python 3.11.9 on darwin)" generated="2024-10-03T18:01:03.040826" rpa="false" schemaversion="5">
<suite id="s1" name="Test" source="/Users/vittavas.t/Desktop/Automation-Training-Assignments/data_driven_test/testcases/test.robot">
<test id="s1-t1" name="Test 1 Login Success" line="23">
<kw name="Open Doppio Browser" owner="common" type="SETUP">
<kw name="Open Browser" owner="SeleniumLibrary">
<msg time="2024-10-03T18:01:03.095249" level="INFO">Opening browser 'gc' to base url 'https://training-platform.doppio-tech.com'.</msg>
<arg>${url}</arg>
<arg>browser=gc</arg>
<doc>Opens a new browser instance to the optional ``url``.</doc>
<status status="PASS" start="2024-10-03T18:01:03.095157" elapsed="1.768905"/>
</kw>
<status status="PASS" start="2024-10-03T18:01:03.094927" elapsed="1.769418"/>
</kw>
<kw name="Test Login">
<kw name="Click User Icon" owner="common">
<kw name="Wait Until Page Contains Element" owner="SeleniumLibrary">
<arg>${common_locator.icon_user}</arg>
<doc>Waits until the element ``locator`` appears on the current page.</doc>
<status status="PASS" start="2024-10-03T18:01:04.865204" elapsed="0.005497"/>
</kw>
<kw name="Click Element" owner="SeleniumLibrary">
<msg time="2024-10-03T18:01:04.870928" level="INFO">Clicking element 'xpath=//span[@aria-label='user']'.</msg>
<arg>${common_locator.icon_user}</arg>
<doc>Click the element identified by ``locator``.</doc>
<status status="PASS" start="2024-10-03T18:01:04.870812" elapsed="0.041260"/>
</kw>
<status status="PASS" start="2024-10-03T18:01:04.865056" elapsed="0.047190"/>
</kw>
<kw name="Login" owner="login_feature">
<kw name="Wait Until Page Contains Element" owner="SeleniumLibrary">
<arg>${login_locator.btn_login}</arg>
<doc>Waits until the element ``locator`` appears on the current page.</doc>
<status status="PASS" start="2024-10-03T18:01:04.913541" elapsed="0.005041"/>
</kw>
<kw name="Input Login Username" owner="login_page">
<kw name="Input Text" owner="SeleniumLibrary">
<msg time="2024-10-03T18:01:04.918949" level="INFO">Typing text 'vittavas.tan@gmail.com' into text field 'xpath=//input[@type='text']'.</msg>
<arg>${login_locator.box_username}</arg>
<arg>${username}</arg>
<doc>Types the given ``text`` into the text field identified by ``locator``.</doc>
<status status="PASS" start="2024-10-03T18:01:04.918851" elapsed="0.073295"/>
</kw>
<arg>${username}</arg>
<status status="PASS" start="2024-10-03T18:01:04.918707" elapsed="0.073560"/>
</kw>
<kw name="Input Login Password" owner="login_page">
<kw name="Input Text" owner="SeleniumLibrary">
<msg time="2024-10-03T18:01:04.992691" level="INFO">Typing text '@Password123' into text field 'xpath=//input[@type='password']'.</msg>
<arg>${login_locator.box_password}</arg>
<arg>${password}</arg>
<doc>Types the given ``text`` into the text field identified by ``locator``.</doc>
<status status="PASS" start="2024-10-03T18:01:04.992583" elapsed="0.035710"/>
</kw>
<arg>${password}</arg>
<status status="PASS" start="2024-10-03T18:01:04.992403" elapsed="0.035958"/>
</kw>
<kw name="Click Login Button" owner="login_page">
<kw name="Click Element" owner="SeleniumLibrary">
<msg time="2024-10-03T18:01:05.028693" level="INFO">Clicking element 'xpath=//button[span[text()='Login']]'.</msg>
<arg>${login_locator.btn_login}</arg>
<doc>Click the element identified by ``locator``.</doc>
<status status="PASS" start="2024-10-03T18:01:05.028599" elapsed="0.019392"/>
</kw>
<status status="PASS" start="2024-10-03T18:01:05.028464" elapsed="0.019589"/>
</kw>
<arg>${username}</arg>
<arg>${password}</arg>
<status status="PASS" start="2024-10-03T18:01:04.912490" elapsed="0.135587"/>
</kw>
<kw name="Compare Login Status to Expected message" owner="login_feature">
<kw name="Wait Until Page Contains Element" owner="SeleniumLibrary">
<arg>${common_locator.btn_ok}</arg>
<doc>Waits until the element ``locator`` appears on the current page.</doc>
<status status="PASS" start="2024-10-03T18:01:05.048337" elapsed="0.423321"/>
</kw>
<kw name="Get Login Status" owner="login_page">
<kw name="Get Text" owner="SeleniumLibrary">
<msg time="2024-10-03T18:01:05.484628" level="INFO">${message} = Login successfully</msg>
<var>${message}</var>
<arg>${login_locator.text_login_status}</arg>
<doc>Returns the text value of the element identified by ``locator``.</doc>
<status status="PASS" start="2024-10-03T18:01:05.472036" elapsed="0.012616"/>
</kw>
<kw name="Return From Keyword" owner="BuiltIn">
<msg time="2024-10-03T18:01:05.484987" level="INFO">Returning from the enclosing user keyword.</msg>
<arg>${message}</arg>
<doc>Returns from the enclosing user keyword.</doc>
<status status="PASS" start="2024-10-03T18:01:05.484912" elapsed="0.000133"/>
</kw>
<msg time="2024-10-03T18:01:05.485122" level="INFO">${message} = Login successfully</msg>
<var>${message}</var>
<status status="PASS" start="2024-10-03T18:01:05.471835" elapsed="0.013300"/>
</kw>
<kw name="Should Be Equal" owner="BuiltIn">
<arg>${message}</arg>
<arg>${expected_message}</arg>
<doc>Fails if the given objects are unequal.</doc>
<status status="PASS" start="2024-10-03T18:01:05.485200" elapsed="0.000105"/>
</kw>
<arg>${expected_message}</arg>
<status status="PASS" start="2024-10-03T18:01:05.048176" elapsed="0.437165"/>
</kw>
<kw name="Click OK Button" owner="common">
<kw name="Wait Until Page Contains Element" owner="SeleniumLibrary">
<arg>${common_locator.btn_ok}</arg>
<doc>Waits until the element ``locator`` appears on the current page.</doc>
<status status="PASS" start="2024-10-03T18:01:05.485539" elapsed="0.003499"/>
</kw>
<kw name="Click Element" owner="SeleniumLibrary">
<msg time="2024-10-03T18:01:05.489202" level="INFO">Clicking element 'xpath=//button[span[text()='OK']]'.</msg>
<arg>${common_locator.btn_ok}</arg>
<doc>Click the element identified by ``locator``.</doc>
<status status="PASS" start="2024-10-03T18:01:05.489113" elapsed="0.027766"/>
</kw>
<kw name="Wait Until Page Does Not Contain Element" owner="SeleniumLibrary">
<arg>${common_locator.btn_ok}</arg>
<doc>Waits until the element ``locator`` disappears from the current page.</doc>
<status status="PASS" start="2024-10-03T18:01:05.517005" elapsed="0.216788"/>
</kw>
<status status="PASS" start="2024-10-03T18:01:05.485423" elapsed="0.248509"/>
</kw>
<arg>username=vittavas.tan@gmail.com</arg>
<arg>password=@Password123</arg>
<arg>expected_message=Login successfully</arg>
<status status="PASS" start="2024-10-03T18:01:04.864718" elapsed="0.869271"/>
</kw>
<kw name="Close Browser" owner="SeleniumLibrary" type="TEARDOWN">
<doc>Closes the current browser.</doc>
<status status="PASS" start="2024-10-03T18:01:05.734391" elapsed="0.074595"/>
</kw>
<status status="PASS" start="2024-10-03T18:01:03.094433" elapsed="2.714658"/>
</test>
<test id="s1-t2" name="Test 2 Login Failed" line="23">
<kw name="Open Doppio Browser" owner="common" type="SETUP">
<kw name="Open Browser" owner="SeleniumLibrary">
<msg time="2024-10-03T18:01:05.810360" level="INFO">Opening browser 'gc' to base url 'https://training-platform.doppio-tech.com'.</msg>
<arg>${url}</arg>
<arg>browser=gc</arg>
<doc>Opens a new browser instance to the optional ``url``.</doc>
<status status="PASS" start="2024-10-03T18:01:05.810225" elapsed="1.630300"/>
</kw>
<status status="PASS" start="2024-10-03T18:01:05.810041" elapsed="1.630686"/>
</kw>
<kw name="Test Login">
<kw name="Click User Icon" owner="common">
<kw name="Wait Until Page Contains Element" owner="SeleniumLibrary">
<arg>${common_locator.icon_user}</arg>
<doc>Waits until the element ``locator`` appears on the current page.</doc>
<status status="PASS" start="2024-10-03T18:01:07.441456" elapsed="0.005229"/>
</kw>
<kw name="Click Element" owner="SeleniumLibrary">
<msg time="2024-10-03T18:01:07.446889" level="INFO">Clicking element 'xpath=//span[@aria-label='user']'.</msg>
<arg>${common_locator.icon_user}</arg>
<doc>Click the element identified by ``locator``.</doc>
<status status="PASS" start="2024-10-03T18:01:07.446781" elapsed="0.042399"/>
</kw>
<status status="PASS" start="2024-10-03T18:01:07.441332" elapsed="0.047951"/>
</kw>
<kw name="Login" owner="login_feature">
<kw name="Wait Until Page Contains Element" owner="SeleniumLibrary">
<arg>${login_locator.btn_login}</arg>
<doc>Waits until the element ``locator`` appears on the current page.</doc>
<status status="PASS" start="2024-10-03T18:01:07.490478" elapsed="0.005040"/>
</kw>
<kw name="Input Login Username" owner="login_page">
<kw name="Input Text" owner="SeleniumLibrary">
<msg time="2024-10-03T18:01:07.495854" level="INFO">Typing text 'abc' into text field 'xpath=//input[@type='text']'.</msg>
<arg>${login_locator.box_username}</arg>
<arg>${username}</arg>
<doc>Types the given ``text`` into the text field identified by ``locator``.</doc>
<status status="PASS" start="2024-10-03T18:01:07.495763" elapsed="0.068569"/>
</kw>
<arg>${username}</arg>
<status status="PASS" start="2024-10-03T18:01:07.495623" elapsed="0.068778"/>
</kw>
<kw name="Input Login Password" owner="login_page">
<kw name="Input Text" owner="SeleniumLibrary">
<msg time="2024-10-03T18:01:07.564742" level="INFO">Typing text '12345' into text field 'xpath=//input[@type='password']'.</msg>
<arg>${login_locator.box_password}</arg>
<arg>${password}</arg>
<doc>Types the given ``text`` into the text field identified by ``locator``.</doc>
<status status="PASS" start="2024-10-03T18:01:07.564647" elapsed="0.032157"/>
</kw>
<arg>${password}</arg>
<status status="PASS" start="2024-10-03T18:01:07.564499" elapsed="0.032366"/>
</kw>
<kw name="Click Login Button" owner="login_page">
<kw name="Click Element" owner="SeleniumLibrary">
<msg time="2024-10-03T18:01:07.597170" level="INFO">Clicking element 'xpath=//button[span[text()='Login']]'.</msg>
<arg>${login_locator.btn_login}</arg>
<doc>Click the element identified by ``locator``.</doc>
<status status="PASS" start="2024-10-03T18:01:07.597079" elapsed="0.017866"/>
</kw>
<status status="PASS" start="2024-10-03T18:01:07.596959" elapsed="0.018045"/>
</kw>
<arg>${username}</arg>
<arg>${password}</arg>
<status status="PASS" start="2024-10-03T18:01:07.489702" elapsed="0.125325"/>
</kw>
<kw name="Compare Login Status to Expected message" owner="login_feature">
<kw name="Wait Until Page Contains Element" owner="SeleniumLibrary">
<arg>${common_locator.btn_ok}</arg>
<doc>Waits until the element ``locator`` appears on the current page.</doc>
<status status="PASS" start="2024-10-03T18:01:07.615261" elapsed="0.213925"/>
</kw>
<kw name="Get Login Status" owner="login_page">
<kw name="Get Text" owner="SeleniumLibrary">
<msg time="2024-10-03T18:01:07.842973" level="INFO">${message} = Login Failed</msg>
<var>${message}</var>
<arg>${login_locator.text_login_status}</arg>
<doc>Returns the text value of the element identified by ``locator``.</doc>
<status status="PASS" start="2024-10-03T18:01:07.829585" elapsed="0.013415"/>
</kw>
<kw name="Return From Keyword" owner="BuiltIn">
<msg time="2024-10-03T18:01:07.843219" level="INFO">Returning from the enclosing user keyword.</msg>
<arg>${message}</arg>
<doc>Returns from the enclosing user keyword.</doc>
<status status="PASS" start="2024-10-03T18:01:07.843143" elapsed="0.000132"/>
</kw>
<msg time="2024-10-03T18:01:07.843354" level="INFO">${message} = Login Failed</msg>
<var>${message}</var>
<status status="PASS" start="2024-10-03T18:01:07.829389" elapsed="0.013990"/>
</kw>
<kw name="Should Be Equal" owner="BuiltIn">
<arg>${message}</arg>
<arg>${expected_message}</arg>
<doc>Fails if the given objects are unequal.</doc>
<status status="PASS" start="2024-10-03T18:01:07.843443" elapsed="0.000104"/>
</kw>
<arg>${expected_message}</arg>
<status status="PASS" start="2024-10-03T18:01:07.615123" elapsed="0.228457"/>
</kw>
<kw name="Click OK Button" owner="common">
<kw name="Wait Until Page Contains Element" owner="SeleniumLibrary">
<arg>${common_locator.btn_ok}</arg>
<doc>Waits until the element ``locator`` appears on the current page.</doc>
<status status="PASS" start="2024-10-03T18:01:07.843793" elapsed="0.003212"/>
</kw>
<kw name="Click Element" owner="SeleniumLibrary">
<msg time="2024-10-03T18:01:07.847185" level="INFO">Clicking element 'xpath=//button[span[text()='OK']]'.</msg>
<arg>${common_locator.btn_ok}</arg>
<doc>Click the element identified by ``locator``.</doc>
<status status="PASS" start="2024-10-03T18:01:07.847088" elapsed="0.017776"/>
</kw>
<kw name="Wait Until Page Does Not Contain Element" owner="SeleniumLibrary">
<arg>${common_locator.btn_ok}</arg>
<doc>Waits until the element ``locator`` disappears from the current page.</doc>
<status status="PASS" start="2024-10-03T18:01:07.864965" elapsed="0.432849"/>
</kw>
<status status="PASS" start="2024-10-03T18:01:07.843668" elapsed="0.454474"/>
</kw>
<arg>username=abc</arg>
<arg>password=12345</arg>
<arg>expected_message=Login Failed</arg>
<status status="PASS" start="2024-10-03T18:01:07.441048" elapsed="0.857184"/>
</kw>
<kw name="Close Browser" owner="SeleniumLibrary" type="TEARDOWN">
<doc>Closes the current browser.</doc>
<status status="PASS" start="2024-10-03T18:01:08.298885" elapsed="0.076685"/>
</kw>
<status status="PASS" start="2024-10-03T18:01:05.809307" elapsed="2.566371"/>
</test>
<status status="PASS" start="2024-10-03T18:01:03.041523" elapsed="5.334433"/>
</suite>
<statistics>
<total>
<stat pass="2" fail="0" skip="0">All Tests</stat>
</total>
<tag>
</tag>
<suite>
<stat pass="2" fail="0" skip="0" id="s1" name="Test">Test</stat>
</suite>
</statistics>
<errors>
</errors>
</robot>
